Godot Engine v4.7.stable.official.5b4e0cb0f - https://godotengine.org
Vulkan 1.4.329 - Forward+ - Using Device #0: NVIDIA - NVIDIA GeForce RTX 3090 Ti

Movie Maker mode enabled, recording movie in 1152×648 @ 60 FPS...
WARNING: The variable "sign" has the same name as a built-in function.
     at: GDScript::reload (res://src/logic/description_builder.gd:33)
     GDScript backtrace (most recent call first):
         [0] _initialize (res://tools/checkpoints/checkpoint_7.gd:70)
SAVED frame_first_impact.png
SAVED frame_round1_exchange.png
SAVED frame_round2_exchange.png
PLAYTHROUGH_DONE
--------------------------------------------------------------------------------
Done recording movie at path: /home/locad/workingdir/HulkBreakers/out/checkpoints/07/playthrough.avi
1233 frames at 60 FPS (movie length: 00:00:20:33), recorded in 00:00:09 (222% of real-time speed).
CPU render time: 0.15 seconds (average: 0.12 ms/frame)
GPU render time: 0.10 seconds (average: 0.08 ms/frame)
Encoding time: 5.10 seconds (average: 4.13 ms/frame)
--------------------------------------------------------------------------------
WARNING: 5 ObjectDB instances were leaked at exit (run with `--verbose` for details).
   at: cleanup (core/object/object.cpp:2535)
ERROR: 4 resources still in use at exit (run with --verbose for details).
   at: clear (core/io/resource.cpp:822)
ERROR: Pages in use exist at exit in PagedAllocator: N12VariantPools12BucketMediumE
   at: ~PagedAllocator (./core/templates/paged_allocator.h:170)
